{"level":"warning","message":"A non-existent route was entered with the method GET: /productos"}
{"level":"warning","message":"A non-existent route was entered with the method GET: /favicon.ico"}
{"level":"warning","message":"A non-existent route was entered with the method GET: /favicon.ico"}
{"level":"warning","message":"A non-existent route was entered with the method GET: /test"}
{"level":"warning","message":"A non-existent route was entered with the method GET: /favicon.ico"}
{"level":"warning","message":"A non-existent route was entered with the method GET: /favicon.ico"}
{"level":"warning","message":"A non-existent route was entered with the method GET: /favicon.ico"}
{"level":"warning","message":"A non-existent route was entered with the method GET: /favicon.ico"}
{"level":"warning","message":"A non-existent route was entered with the method GET: /favicon.ico"}
{"level":"warning","message":"A non-existent route was entered with the method GET: /favicon.ico"}
{"level":"warning","message":"A non-existent route was entered with the method GET: /productos"}
{"level":"warning","message":"A non-existent route was entered with the method GET: /favicon.ico"}
{"level":"warning","message":"A non-existent route was entered with the method GET: /favicon.ico"}
{"level":"warning","message":"A non-existent route was entered with the method GET: /test"}
{"level":"warning","message":"A non-existent route was entered with the method GET: /favicon.ico"}
{"level":"warning","message":"A non-existent route was entered with the method GET: /products/1"}
{"level":"warning","message":"A non-existent route was entered with the method GET: /favicon.ico"}
{"level":"warning","message":"A non-existent route was entered with the method GET: /favicon.ico"}
{"level":"warning","message":"A non-existent route was entered with the method GET: /favicon.ico"}
{"level":"warning","message":"A non-existent route was entered with the method GET: /favicon.ico"}
{"level":"warning","message":"A non-existent route was entered with the method GET: /favicon.ico"}
{"level":"warning","message":"A non-existent route was entered with the method GET: /favicon.ico"}
{"level":"warning","message":"A non-existent route was entered with the method GET: /favicon.ico"}
{"level":"warning","message":"A non-existent route was entered with the method GET: /favicon.ico"}
{"level":"warning","message":"A non-existent route was entered with the method GET: /favicon.ico"}
{"level":"warning","message":"A non-existent route was entered with the method GET: /favicon.ico"}
{"level":"warning","message":"A non-existent route was entered with the method GET: /favicon.ico"}
{"level":"warning","message":"A non-existent route was entered with the method GET: /favicon.ico"}
{"level":"warning","message":"A non-existent route was entered with the method GET: /favicon.ico"}
{"level":"warning","message":"A non-existent route was entered with the method GET: /favicon.ico"}
{"level":"warning","message":"A non-existent route was entered with the method GET: /favicon.ico"}
{"level":"warning","message":"A non-existent route was entered with the method GET: /favicon.ico"}
{"level":"warning","message":"A non-existent route was entered with the method GET: /favicon.ico"}
{"level":"warning","message":"A non-existent route was entered with the method GET: /favicon.ico"}
{"level":"warning","message":"A non-existent route was entered with the method GET: /favicon.ico"}
{"level":"warning","message":"A non-existent route was entered with the method GET: /favicon.ico"}
{"level":"warning","message":"A non-existent route was entered with the method GET: /favicon.ico"}
{"level":"warning","message":"A non-existent route was entered with the method GET: /favicon.ico"}
{"level":"warning","message":"A non-existent route was entered with the method GET: /favicon.ico"}
{"level":"warning","message":"A non-existent route was entered with the method GET: /favicon.ico"}
{"level":"warning","message":"A non-existent route was entered with the method GET: /favicon.ico"}
{"level":"warning","message":"A non-existent route was entered with the method GET: /js/productDetails"}
{"level":"warning","message":"A non-existent route was entered with the method GET: /favicon.ico"}
{"level":"warning","message":"A non-existent route was entered with the method GET: /js/productDetails"}
{"level":"warning","message":"A non-existent route was entered with the method GET: /favicon.ico"}
{"level":"warning","message":"A non-existent route was entered with the method GET: /js/productDetails"}
{"level":"warning","message":"A non-existent route was entered with the method GET: /favicon.ico"}
{"level":"warning","message":"A non-existent route was entered with the method GET: /js/productDetails"}
{"level":"warning","message":"A non-existent route was entered with the method GET: /favicon.ico"}
{"level":"warning","message":"A non-existent route was entered with the method GET: /js/productDetails"}
{"level":"warning","message":"A non-existent route was entered with the method GET: /favicon.ico"}
{"level":"warning","message":"A non-existent route was entered with the method GET: /js/productDetails"}
{"level":"warning","message":"A non-existent route was entered with the method GET: /favicon.ico"}
{"level":"warning","message":"A non-existent route was entered with the method GET: /js/productDetails"}
{"level":"warning","message":"A non-existent route was entered with the method GET: /favicon.ico"}
{"level":"warning","message":"A non-existent route was entered with the method GET: /favicon.ico"}
{"level":"warning","message":"A non-existent route was entered with the method GET: /js/productDetails"}
{"level":"warning","message":"A non-existent route was entered with the method GET: /favicon.ico"}
{"level":"warning","message":"A non-existent route was entered with the method GET: /js/productDetails"}
{"level":"warning","message":"A non-existent route was entered with the method GET: /favicon.ico"}
{"level":"warning","message":"A non-existent route was entered with the method GET: /js/productDetails"}
{"level":"warning","message":"A non-existent route was entered with the method GET: /favicon.ico"}
{"level":"warning","message":"A non-existent route was entered with the method GET: /js/productDetails"}
{"level":"warning","message":"A non-existent route was entered with the method GET: /favicon.ico"}
{"level":"warning","message":"A non-existent route was entered with the method GET: /js/productDetails"}
{"level":"warning","message":"A non-existent route was entered with the method GET: /favicon.ico"}
{"level":"warning","message":"A non-existent route was entered with the method GET: /js/productDetails"}
{"level":"warning","message":"A non-existent route was entered with the method GET: /favicon.ico"}
{"level":"warning","message":"A non-existent route was entered with the method GET: /favicon.ico"}
{"level":"warning","message":"A non-existent route was entered with the method GET: /favicon.ico"}
{"level":"warning","message":"A non-existent route was entered with the method GET: /favicon.ico"}
{"level":"warning","message":"A non-existent route was entered with the method GET: /favicon.ico"}
{"level":"warning","message":"A non-existent route was entered with the method GET: /favicon.ico"}
{"level":"warning","message":"A non-existent route was entered with the method GET: /js/productDetails"}
{"level":"warning","message":"A non-existent route was entered with the method GET: /favicon.ico"}
{"level":"warning","message":"A non-existent route was entered with the method GET: /js/productDetails"}
{"level":"warning","message":"A non-existent route was entered with the method GET: /favicon.ico"}
{"level":"warning","message":"A non-existent route was entered with the method GET: /js/productDetails"}
{"level":"warning","message":"A non-existent route was entered with the method GET: /favicon.ico"}
{"level":"warning","message":"A non-existent route was entered with the method GET: /js/productDetails"}
{"level":"warning","message":"A non-existent route was entered with the method GET: /favicon.ico"}
{"level":"warning","message":"A non-existent route was entered with the method GET: /js/productDetails"}
{"level":"warning","message":"A non-existent route was entered with the method GET: /favicon.ico"}
{"level":"warning","message":"A non-existent route was entered with the method GET: /js/productDetails"}
{"level":"warning","message":"A non-existent route was entered with the method GET: /favicon.ico"}
{"level":"warning","message":"A non-existent route was entered with the method GET: /js/productDetails"}
{"level":"warning","message":"A non-existent route was entered with the method GET: /favicon.ico"}
{"level":"warning","message":"A non-existent route was entered with the method GET: /js/productDetails"}
{"level":"warning","message":"A non-existent route was entered with the method GET: /favicon.ico"}
{"level":"warning","message":"A non-existent route was entered with the method GET: /js/productDetails"}
{"level":"warning","message":"A non-existent route was entered with the method GET: /favicon.ico"}
{"level":"warning","message":"A non-existent route was entered with the method GET: /js/productDetails"}
{"level":"warning","message":"A non-existent route was entered with the method GET: /favicon.ico"}
{"level":"warning","message":"A non-existent route was entered with the method GET: /favicon.ico"}
{"level":"warning","message":"A non-existent route was entered with the method GET: /favicon.ico"}
{"level":"warning","message":"A non-existent route was entered with the method GET: /favicon.ico"}
{"level":"warning","message":"A non-existent route was entered with the method GET: /favicon.ico"}
{"level":"warning","message":"A non-existent route was entered with the method GET: /favicon.ico"}
{"level":"warning","message":"A non-existent route was entered with the method GET: /favicon.ico"}
{"level":"warning","message":"A non-existent route was entered with the method GET: /favicon.ico"}
{"level":"warning","message":"A non-existent route was entered with the method GET: /favicon.ico"}
{"level":"warning","message":"A non-existent route was entered with the method GET: /favicon.ico"}
{"level":"warning","message":"A non-existent route was entered with the method GET: /favicon.ico"}
{"level":"warning","message":"A non-existent route was entered with the method GET: /js/productDetails"}
{"level":"warning","message":"A non-existent route was entered with the method GET: /favicon.ico"}
{"level":"warning","message":"A non-existent route was entered with the method GET: /js/productDetails"}
{"level":"warning","message":"A non-existent route was entered with the method GET: /favicon.ico"}
{"level":"warning","message":"A non-existent route was entered with the method GET: /js/productDetails"}
{"level":"warning","message":"A non-existent route was entered with the method GET: /favicon.ico"}
{"level":"warning","message":"A non-existent route was entered with the method GET: /js/productDetails"}
{"level":"warning","message":"A non-existent route was entered with the method GET: /favicon.ico"}
{"level":"warning","message":"A non-existent route was entered with the method GET: /js/productDetails"}
{"level":"warning","message":"A non-existent route was entered with the method GET: /favicon.ico"}
{"level":"warning","message":"A non-existent route was entered with the method GET: /js/productDetails"}
{"level":"warning","message":"A non-existent route was entered with the method GET: /favicon.ico"}
{"level":"warning","message":"A non-existent route was entered with the method GET: /js/productDetails"}
{"level":"warning","message":"A non-existent route was entered with the method GET: /favicon.ico"}
{"level":"warning","message":"A non-existent route was entered with the method GET: /js/productDetails"}
{"level":"warning","message":"A non-existent route was entered with the method GET: /favicon.ico"}
{"level":"warning","message":"A non-existent route was entered with the method GET: /js/productDetails"}
{"level":"warning","message":"A non-existent route was entered with the method GET: /favicon.ico"}
{"level":"warning","message":"A non-existent route was entered with the method GET: /js/productDetails"}
{"level":"warning","message":"A non-existent route was entered with the method GET: /favicon.ico"}
{"level":"warning","message":"A non-existent route was entered with the method GET: /js/productDetails"}
{"level":"warning","message":"A non-existent route was entered with the method GET: /favicon.ico"}
{"level":"warning","message":"A non-existent route was entered with the method GET: /js/productDetails"}
{"level":"warning","message":"A non-existent route was entered with the method GET: /favicon.ico"}
{"level":"warning","message":"A non-existent route was entered with the method GET: /js/productDetails"}
{"level":"warning","message":"A non-existent route was entered with the method GET: /favicon.ico"}
{"level":"warning","message":"A non-existent route was entered with the method GET: /js/productDetails"}
{"level":"warning","message":"A non-existent route was entered with the method GET: /favicon.ico"}
{"level":"warning","message":"A non-existent route was entered with the method GET: /js/productDetails"}
{"level":"warning","message":"A non-existent route was entered with the method GET: /favicon.ico"}
{"level":"warning","message":"A non-existent route was entered with the method GET: /js/productDetails"}
{"level":"warning","message":"A non-existent route was entered with the method GET: /favicon.ico"}
{"level":"warning","message":"A non-existent route was entered with the method GET: /favicon.ico"}
{"level":"warning","message":"A non-existent route was entered with the method GET: /favicon.ico"}
{"level":"warning","message":"A non-existent route was entered with the method GET: /favicon.ico"}
{"level":"warning","message":"A non-existent route was entered with the method GET: /favicon.ico"}
{"level":"warning","message":"A non-existent route was entered with the method GET: /favicon.ico"}
{"level":"warning","message":"A non-existent route was entered with the method GET: /favicon.ico"}
{"level":"warning","message":"A non-existent route was entered with the method GET: /favicon.ico"}
{"level":"warning","message":"A non-existent route was entered with the method GET: /favicon.ico"}
{"level":"warning","message":"A non-existent route was entered with the method GET: /favicon.ico"}
{"level":"warning","message":"A non-existent route was entered with the method GET: /favicon.ico"}
{"level":"warning","message":"A non-existent route was entered with the method GET: /favicon.ico"}
{"level":"warning","message":"A non-existent route was entered with the method GET: /favicon.ico"}
{"level":"warning","message":"A non-existent route was entered with the method GET: /favicon.ico"}
{"level":"warning","message":"A non-existent route was entered with the method GET: /favicon.ico"}
{"level":"warning","message":"A non-existent route was entered with the method GET: /favicon.ico"}
{"level":"warning","message":"A non-existent route was entered with the method GET: /favicon.ico"}
{"level":"warning","message":"A non-existent route was entered with the method GET: /favicon.ico"}
{"level":"warning","message":"A non-existent route was entered with the method GET: /favicon.ico"}
{"level":"warning","message":"A non-existent route was entered with the method GET: /favicon.ico"}
{"level":"warning","message":"A non-existent route was entered with the method GET: /favicon.ico"}
{"level":"warning","message":"A non-existent route was entered with the method GET: /favicon.ico"}
{"level":"warning","message":"A non-existent route was entered with the method GET: /favicon.ico"}
{"level":"warning","message":"A non-existent route was entered with the method GET: /favicon.ico"}
{"level":"warning","message":"A non-existent route was entered with the method GET: /favicon.ico"}
{"level":"warning","message":"A non-existent route was entered with the method GET: /favicon.ico"}
{"level":"warning","message":"A non-existent route was entered with the method GET: /favicon.ico"}
{"level":"warning","message":"A non-existent route was entered with the method GET: /favicon.ico"}
{"level":"warning","message":"A non-existent route was entered with the method GET: /favicon.ico"}
{"level":"warning","message":"A non-existent route was entered with the method GET: /favicon.ico"}
{"level":"warning","message":"A non-existent route was entered with the method GET: /favicon.ico"}
{"level":"warning","message":"A non-existent route was entered with the method GET: /favicon.ico"}
{"level":"warning","message":"A non-existent route was entered with the method GET: /favicon.ico"}
{"level":"warning","message":"A non-existent route was entered with the method GET: /favicon.ico"}
{"level":"warning","message":"A non-existent route was entered with the method GET: /favicon.ico"}
{"level":"warning","message":"A non-existent route was entered with the method GET: /favicon.ico"}
{"level":"warning","message":"A non-existent route was entered with the method GET: /favicon.ico"}
{"level":"warning","message":"A non-existent route was entered with the method GET: /favicon.ico"}
{"level":"warning","message":"A non-existent route was entered with the method GET: /favicon.ico"}
{"level":"warning","message":"A non-existent route was entered with the method GET: /favicon.ico"}
{"level":"warning","message":"A non-existent route was entered with the method GET: /favicon.ico"}
{"level":"warning","message":"A non-existent route was entered with the method GET: /favicon.ico"}
{"level":"warning","message":"A non-existent route was entered with the method GET: /favicon.ico"}
{"level":"warning","message":"A non-existent route was entered with the method GET: /favicon.ico"}
{"level":"warning","message":"A non-existent route was entered with the method GET: /favicon.ico"}
{"level":"warning","message":"A non-existent route was entered with the method GET: /favicon.ico"}
{"level":"warning","message":"A non-existent route was entered with the method GET: /favicon.ico"}
{"level":"warning","message":"A non-existent route was entered with the method GET: /favicon.ico"}
{"level":"warning","message":"A non-existent route was entered with the method GET: /favicon.ico"}
{"level":"warning","message":"A non-existent route was entered with the method GET: /favicon.ico"}
{"level":"warning","message":"A non-existent route was entered with the method GET: /favicon.ico"}
{"level":"warning","message":"A non-existent route was entered with the method GET: /favicon.ico"}
{"level":"warning","message":"A non-existent route was entered with the method GET: /favicon.ico"}
{"level":"warning","message":"A non-existent route was entered with the method GET: /favicon.ico"}
{"level":"warning","message":"A non-existent route was entered with the method GET: /favicon.ico"}
{"level":"warning","message":"A non-existent route was entered with the method GET: /favicon.ico"}
{"level":"warning","message":"A non-existent route was entered with the method GET: /favicon.ico"}
{"level":"warning","message":"A non-existent route was entered with the method GET: /favicon.ico"}
{"level":"warning","message":"A non-existent route was entered with the method GET: /favicon.ico"}
{"level":"warning","message":"A non-existent route was entered with the method GET: /favicon.ico"}
{"level":"warning","message":"A non-existent route was entered with the method GET: /favicon.ico"}
{"level":"warning","message":"A non-existent route was entered with the method GET: /favicon.ico"}
{"level":"warning","message":"A non-existent route was entered with the method GET: /favicon.ico"}
{"level":"warning","message":"A non-existent route was entered with the method GET: /favicon.ico"}
{"level":"warning","message":"A non-existent route was entered with the method GET: /favicon.ico"}
{"level":"warning","message":"A non-existent route was entered with the method GET: /favicon.ico"}
{"level":"warning","message":"A non-existent route was entered with the method GET: /favicon.ico"}
{"level":"warning","message":"A non-existent route was entered with the method GET: /favicon.ico"}
{"level":"warning","message":"A non-existent route was entered with the method GET: /favicon.ico"}
{"level":"warning","message":"A non-existent route was entered with the method GET: /favicon.ico"}
{"level":"warning","message":"A non-existent route was entered with the method GET: /favicon.ico"}
{"level":"warning","message":"A non-existent route was entered with the method GET: /favicon.ico"}
{"level":"warning","message":"A non-existent route was entered with the method GET: /favicon.ico"}
{"level":"warning","message":"A non-existent route was entered with the method GET: /api-docs"}
{"level":"warning","message":"A non-existent route was entered with the method GET: /favicon.ico"}
{"level":"warning","message":"A non-existent route was entered with the method GET: /api/users"}
{"level":"warning","message":"A non-existent route was entered with the method GET: /favicon.ico"}
{"level":"warning","message":"A non-existent route was entered with the method GET: /favicon.ico"}
{"level":"warning","message":"A non-existent route was entered with the method GET: /favicon.ico"}
{"level":"warning","message":"A non-existent route was entered with the method GET: /favicon.ico"}
{"level":"warning","message":"A non-existent route was entered with the method GET: /api/users"}
{"level":"warning","message":"A non-existent route was entered with the method GET: /favicon.ico"}
{"level":"warning","message":"A non-existent route was entered with the method GET: /api/users"}
{"level":"warning","message":"A non-existent route was entered with the method GET: /favicon.ico"}
{"level":"warning","message":"A non-existent route was entered with the method GET: /api/users"}
{"level":"warning","message":"A non-existent route was entered with the method GET: /favicon.ico"}
{"level":"warning","message":"A non-existent route was entered with the method GET: /favicon.ico"}
{"level":"warning","message":"A non-existent route was entered with the method GET: /favicon.ico"}
{"level":"warning","message":"A non-existent route was entered with the method GET: /favicon.ico"}
{"level":"warning","message":"A non-existent route was entered with the method GET: /favicon.ico"}
